Using pre-set license
Built from '2020.3/staging' branch; Version is '2020.3.0f1 (c7b5465681fb) revision 13088070'; Using compiler version '192528614'; Build Type 'Release'
OS: 'Windows 10 Home; OS build 19045.4170; Version 2009; 64bit' Language: 'en' Physical Memory: 16310 MB
BatchMode: 1, IsHumanControllingUs: 0, StartBugReporterOnCrash: 0, Is64bit: 1, IsPro: 0

 COMMAND LINE ARGUMENTS:
C:\Program Files\Unity\Hub\Editor\2020.3.0f1\Editor\Unity.exe
-adb2
-batchMode
-noUpm
-name
AssetImportWorker0
-projectPath
C:/Users/lilli/OneDrive/Desktop/Robbys_Homework/SWDV 271/Week 10/Hour11
-logFile
Logs/AssetImportWorker0.log
-srvPort
54725
Successfully changed project path to: C:/Users/lilli/OneDrive/Desktop/Robbys_Homework/SWDV 271/Week 10/Hour11
C:/Users/lilli/OneDrive/Desktop/Robbys_Homework/SWDV 271/Week 10/Hour11
Using Asset Import Pipeline V2.
Refreshing native plugins compatible for Editor in 18.34 ms, found 0 plugins.
Preloading 0 native plugins for Editor in 0.00 ms.
Initialize engine version: 2020.3.0f1 (c7b5465681fb)
[Subsystems] Discovering subsystems at path C:/Program Files/Unity/Hub/Editor/2020.3.0f1/Editor/Data/Resources/UnitySubsystems
[Subsystems] Discovering subsystems at path C:/Users/lilli/OneDrive/Desktop/Robbys_Homework/SWDV 271/Week 10/Hour11/Assets
GfxDevice: creating device client; threaded=0
Direct3D:
    Version:  Direct3D 11.0 [level 11.1]
    Renderer: Radeon RX 580 Series (ID=0x67df)
    Vendor:   
    VRAM:     8170 MB
    Driver:   31.0.12027.9001
Initialize mono
Mono path[0] = 'C:/Program Files/Unity/Hub/Editor/2020.3.0f1/Editor/Data/Managed'
Mono path[1] = 'C:/Program Files/Unity/Hub/Editor/2020.3.0f1/Editor/Data/MonoBleedingEdge/lib/mono/unityjit'
Mono config path = 'C:/Program Files/Unity/Hub/Editor/2020.3.0f1/Editor/Data/MonoBleedingEdge/etc'
Using monoOptions --debugger-agent=transport=dt_socket,embedding=1,server=y,suspend=n,address=127.0.0.1:56692
Begin MonoManager ReloadAssembly
Registering precompiled unity dll's ...
Register platform support module: C:/Program Files/Unity/Hub/Editor/2020.3.0f1/Editor/Data/PlaybackEngines/WebGLSupport/UnityEditor.WebGL.Extensions.dll
Register platform support module: C:/Program Files/Unity/Hub/Editor/2020.3.0f1/Editor/Data/PlaybackEngines/MacStandaloneSupport/UnityEditor.OSXStandalone.Extensions.dll
Register platform support module: C:/Program Files/Unity/Hub/Editor/2020.3.0f1/Editor/Data/PlaybackEngines/WindowsStandaloneSupport/UnityEditor.WindowsStandalone.Extensions.dll
Registered in 0.002897 seconds.
Native extension for WindowsStandalone target not found
Native extension for OSXStandalone target not found
Native extension for WebGL target not found
Refreshing native plugins compatible for Editor in 19.12 ms, found 0 plugins.
Preloading 0 native plugins for Editor in 0.00 ms.
Invoked RoslynAnalysisRunner static constructor.
RoslynAnalysisRunner will not be running.
RoslynAnalysisRunner has terminated.
Mono: successfully reloaded assembly
- Completed reload, in  2.420 seconds
Platform modules already initialized, skipping
Registering precompiled user dll's ...
Registered in 0.000697 seconds.
Begin MonoManager ReloadAssembly
Native extension for WindowsStandalone target not found
Native extension for OSXStandalone target not found
Native extension for WebGL target not found
Refreshing native plugins compatible for Editor in 0.25 ms, found 0 plugins.
Preloading 0 native plugins for Editor in 0.00 ms.
Invoked RoslynAnalysisRunner static constructor.
RoslynAnalysisRunner will not be running.
RoslynAnalysisRunner has terminated.
Mono: successfully reloaded assembly
- Completed reload, in  0.646 seconds
Platform modules already initialized, skipping
========================================================================
Worker process is ready to serve import requests
Launched and connected shader compiler UnityShaderCompiler.exe after 0.03 seconds
Refreshing native plugins compatible for Editor in 0.25 ms, found 0 plugins.
Preloading 0 native plugins for Editor in 0.00 ms.
Unloading 1113 Unused Serialized files (Serialized files now loaded: 0)
System memory in use before: 56.8 MB.
System memory in use after: 56.9 MB.

Unloading 9 unused Assets to reduce memory usage. Loaded Objects now: 1556.
Total: 2.146300 ms (FindLiveObjects: 0.163100 ms CreateObjectMapping: 0.035100 ms MarkObjects: 1.873700 ms  DeleteObjects: 0.073300 ms)

========================================================================
Received Import Request.
  path: Assets/Scenes
  artifactKey: Guid(2d587f75aea80dc4d9c9d14ae96c31c2) Importer(815301076,1909f56bfc062723c751e8b465ee728b)
Start importing Assets/Scenes using Guid(2d587f75aea80dc4d9c9d14ae96c31c2) Importer(815301076,1909f56bfc062723c751e8b465ee728b)  -> (artifact id: 'ca6314c5bb224b2f73140d1ec43960aa') in 0.009413 seconds
  Import took 0.011254 seconds .

========================================================================
Received Import Request.
  Time since last request: 3.071838 seconds.
  path: Assets/Scenes/TIY1.unity
  artifactKey: Guid(864af256e7c4e834896e2d63980e1349) Importer(815301076,1909f56bfc062723c751e8b465ee728b)
Start importing Assets/Scenes/TIY1.unity using Guid(864af256e7c4e834896e2d63980e1349) Importer(815301076,1909f56bfc062723c751e8b465ee728b)  -> (artifact id: 'fe03c84c7f115ef2bf8eb39a03ff9068') in 0.012477 seconds
  Import took 0.014342 seconds .

========================================================================
Received Import Request.
  Time since last request: 104.291310 seconds.
  path: Assets
  artifactKey: Guid(00000000000000001000000000000000) Importer(815301076,1909f56bfc062723c751e8b465ee728b)
Start importing Assets using Guid(00000000000000001000000000000000) Importer(815301076,1909f56bfc062723c751e8b465ee728b)  -> (artifact id: '42baae205c97e3337697759514652acd') in 0.007969 seconds
  Import took 0.010055 seconds .

========================================================================
Received Import Request.
  Time since last request: 5.419911 seconds.
  path: Assets/Prefabs
  artifactKey: Guid(968ae6d9c8f08b449804f6940c0acc7a) Importer(815301076,1909f56bfc062723c751e8b465ee728b)
Start importing Assets/Prefabs using Guid(968ae6d9c8f08b449804f6940c0acc7a) Importer(815301076,1909f56bfc062723c751e8b465ee728b)  -> (artifact id: '55e3fcd2ccdd9b86eb06727d95435399') in 0.007063 seconds
  Import took 0.009019 seconds .

========================================================================
Received Import Request.
  Time since last request: 0.000480 seconds.
  path: Assets/Prefabs
  artifactKey: Guid(968ae6d9c8f08b449804f6940c0acc7a) Importer(815301076,1909f56bfc062723c751e8b465ee728b)
Start importing Assets/Prefabs using Guid(968ae6d9c8f08b449804f6940c0acc7a) Importer(815301076,1909f56bfc062723c751e8b465ee728b)  -> (artifact id: '55e3fcd2ccdd9b86eb06727d95435399') in 0.002079 seconds
  Import took 0.003449 seconds .

========================================================================
Received Import Request.
  Time since last request: 4.339200 seconds.
  path: Assets/Prefabs/Lamp.prefab
  artifactKey: Guid(617fcc620f674b54cbfd3266d0c57b12) Importer(815301076,1909f56bfc062723c751e8b465ee728b)
Start importing Assets/Prefabs/Lamp.prefab using Guid(617fcc620f674b54cbfd3266d0c57b12) Importer(815301076,1909f56bfc062723c751e8b465ee728b)  -> (artifact id: '66363bd73867c5beffa20e4d5e95c7c3') in 0.089952 seconds
  Import took 0.091952 seconds .

========================================================================
Received Import Request.
  Time since last request: 23.587850 seconds.
  path: Assets/Scenes/TIY2.unity
  artifactKey: Guid(a2cec21f0ea508945971eef0691a2d2b) Importer(815301076,1909f56bfc062723c751e8b465ee728b)
Start importing Assets/Scenes/TIY2.unity using Guid(a2cec21f0ea508945971eef0691a2d2b) Importer(815301076,1909f56bfc062723c751e8b465ee728b)  -> (artifact id: 'f1feee427209a6b0815316d844ec9ad1') in 0.007195 seconds
  Import took 0.009157 seconds .

========================================================================
Received Import Request.
  Time since last request: 0.000289 seconds.
  path: Assets/Scenes/TIY2.unity
  artifactKey: Guid(a2cec21f0ea508945971eef0691a2d2b) Importer(815301076,1909f56bfc062723c751e8b465ee728b)
Start importing Assets/Scenes/TIY2.unity using Guid(a2cec21f0ea508945971eef0691a2d2b) Importer(815301076,1909f56bfc062723c751e8b465ee728b)  -> (artifact id: 'f1feee427209a6b0815316d844ec9ad1') in 0.002615 seconds
  Import took 0.004086 seconds .

========================================================================
Received Import Request.
  Time since last request: 25.786708 seconds.
  path: Assets/Scenes/TIY2-Lamps.unity
  artifactKey: Guid(a2cec21f0ea508945971eef0691a2d2b) Importer(815301076,1909f56bfc062723c751e8b465ee728b)
Start importing Assets/Scenes/TIY2-Lamps.unity using Guid(a2cec21f0ea508945971eef0691a2d2b) Importer(815301076,1909f56bfc062723c751e8b465ee728b)  -> (artifact id: 'c90223c77924d6e4926c642c7489becb') in 0.007051 seconds
  Import took 0.009064 seconds .

========================================================================
Received Import Request.
  Time since last request: 0.000868 seconds.
  path: Assets/Scenes/TIY2-Lamps.unity
  artifactKey: Guid(a2cec21f0ea508945971eef0691a2d2b) Importer(815301076,1909f56bfc062723c751e8b465ee728b)
Start importing Assets/Scenes/TIY2-Lamps.unity using Guid(a2cec21f0ea508945971eef0691a2d2b) Importer(815301076,1909f56bfc062723c751e8b465ee728b)  -> (artifact id: 'c90223c77924d6e4926c642c7489becb') in 0.002350 seconds
  Import took 0.003877 seconds .

========================================================================
Received Import Request.
  Time since last request: 48.104986 seconds.
  path: Assets/FloorMat.mat
  artifactKey: Guid(3fdae65f819e5544ea400ff41061b620) Importer(815301076,1909f56bfc062723c751e8b465ee728b)
Start importing Assets/FloorMat.mat using Guid(3fdae65f819e5544ea400ff41061b620) Importer(815301076,1909f56bfc062723c751e8b465ee728b)  -> (artifact id: '6d279161ec49ff071fcb1e2dedf81900') in 0.026076 seconds
  Import took 0.028121 seconds .

========================================================================
Received Import Request.
  Time since last request: 87.650872 seconds.
  path: Assets/Prefabs/Lamp.prefab
  artifactKey: Guid(617fcc620f674b54cbfd3266d0c57b12) Importer(815301076,1909f56bfc062723c751e8b465ee728b)
Start importing Assets/Prefabs/Lamp.prefab using Guid(617fcc620f674b54cbfd3266d0c57b12) Importer(815301076,1909f56bfc062723c751e8b465ee728b)  -> (artifact id: 'e5885d851ab334b061f18f0f0fde79cb') in 0.007570 seconds
  Import took 0.009545 seconds .

========================================================================
Received Import Request.
  Time since last request: 14.126794 seconds.
  path: Assets/FloorMat.mat
  artifactKey: Guid(3fdae65f819e5544ea400ff41061b620) Importer(815301076,1909f56bfc062723c751e8b465ee728b)
Start importing Assets/FloorMat.mat using Guid(3fdae65f819e5544ea400ff41061b620) Importer(815301076,1909f56bfc062723c751e8b465ee728b)  -> (artifact id: '0c9ea62934b65fd22797fc47ebee7586') in 0.011163 seconds
  Import took 0.013078 seconds .

========================================================================
Received Import Request.
  Time since last request: 5.645649 seconds.
  path: Assets/Scenes/New Material.mat
  artifactKey: Guid(5ca25877b201fe34090e810cd583e7f7) Importer(815301076,1909f56bfc062723c751e8b465ee728b)
Start importing Assets/Scenes/New Material.mat using Guid(5ca25877b201fe34090e810cd583e7f7) Importer(815301076,1909f56bfc062723c751e8b465ee728b)  -> (artifact id: 'd6a568e4d9de5ad8e52fd207378ff1c0') in 0.013359 seconds
  Import took 0.015418 seconds .

========================================================================
Received Import Request.
  Time since last request: 9.902814 seconds.
  path: Assets/Scenes/Exercise.unity
  artifactKey: Guid(88d786327ee60844ea03b3d956d0dcfd) Importer(815301076,1909f56bfc062723c751e8b465ee728b)
Start importing Assets/Scenes/Exercise.unity using Guid(88d786327ee60844ea03b3d956d0dcfd) Importer(815301076,1909f56bfc062723c751e8b465ee728b)  -> (artifact id: 'a742233b73d840ba6b908518d177b6de') in 0.007817 seconds
  Import took 0.009841 seconds .

========================================================================
Received Import Request.
  Time since last request: 166.499089 seconds.
  path: Assets/PrefabGenerator.cs
  artifactKey: Guid(285e34bc4ec4bdb499fbc622a1bdaf4c) Importer(815301076,1909f56bfc062723c751e8b465ee728b)
Start importing Assets/PrefabGenerator.cs using Guid(285e34bc4ec4bdb499fbc622a1bdaf4c) Importer(815301076,1909f56bfc062723c751e8b465ee728b)  -> (artifact id: '63be8a2ffd547cda1d51dd6496660c61') in 0.017590 seconds
  Import took 0.019671 seconds .

========================================================================
Received Import Request.
  Time since last request: 0.068376 seconds.
  path: Assets/PrefabGenerator.cs
  artifactKey: Guid(285e34bc4ec4bdb499fbc622a1bdaf4c) Importer(815301076,1909f56bfc062723c751e8b465ee728b)
Start importing Assets/PrefabGenerator.cs using Guid(285e34bc4ec4bdb499fbc622a1bdaf4c) Importer(815301076,1909f56bfc062723c751e8b465ee728b)  -> (artifact id: '63be8a2ffd547cda1d51dd6496660c61') in 0.002553 seconds
  Import took 0.004800 seconds .

========================================================================
Received Prepare
Registering precompiled user dll's ...
Registered in 0.000582 seconds.
Begin MonoManager ReloadAssembly
Native extension for WindowsStandalone target not found
Native extension for OSXStandalone target not found
Native extension for WebGL target not found
Refreshing native plugins compatible for Editor in 0.26 ms, found 0 plugins.
Preloading 0 native plugins for Editor in 0.00 ms.
Invoked RoslynAnalysisRunner static constructor.
RoslynAnalysisRunner will not be running.
RoslynAnalysisRunner has terminated.
Mono: successfully reloaded assembly
- Completed reload, in  0.619 seconds
Platform modules already initialized, skipping
Refreshing native plugins compatible for Editor in 0.20 ms, found 0 plugins.
Preloading 0 native plugins for Editor in 0.00 ms.
Unloading 1108 Unused Serialized files (Serialized files now loaded: 0)
System memory in use before: 60.1 MB.
System memory in use after: 60.2 MB.

Unloading 5 unused Assets to reduce memory usage. Loaded Objects now: 1602.
Total: 1.762000 ms (FindLiveObjects: 0.153700 ms CreateObjectMapping: 0.024500 ms MarkObjects: 1.561200 ms  DeleteObjects: 0.021400 ms)

========================================================================
Received Prepare
Registering precompiled user dll's ...
Registered in 0.000639 seconds.
Begin MonoManager ReloadAssembly
Native extension for WindowsStandalone target not found
Native extension for OSXStandalone target not found
Native extension for WebGL target not found
Refreshing native plugins compatible for Editor in 0.25 ms, found 0 plugins.
Preloading 0 native plugins for Editor in 0.00 ms.
Invoked RoslynAnalysisRunner static constructor.
RoslynAnalysisRunner will not be running.
RoslynAnalysisRunner has terminated.
Mono: successfully reloaded assembly
- Completed reload, in  0.611 seconds
Platform modules already initialized, skipping
Refreshing native plugins compatible for Editor in 0.20 ms, found 0 plugins.
Preloading 0 native plugins for Editor in 0.00 ms.
Unloading 1108 Unused Serialized files (Serialized files now loaded: 0)
System memory in use before: 60.1 MB.
System memory in use after: 60.2 MB.

Unloading 4 unused Assets to reduce memory usage. Loaded Objects now: 1605.
Total: 1.479200 ms (FindLiveObjects: 0.202900 ms CreateObjectMapping: 0.026100 ms MarkObjects: 1.238100 ms  DeleteObjects: 0.011300 ms)

========================================================================
Received Import Request.
  Time since last request: 120.357146 seconds.
  path: Assets/PrefabGenerator.cs
  artifactKey: Guid(285e34bc4ec4bdb499fbc622a1bdaf4c) Importer(815301076,1909f56bfc062723c751e8b465ee728b)
Start importing Assets/PrefabGenerator.cs using Guid(285e34bc4ec4bdb499fbc622a1bdaf4c) Importer(815301076,1909f56bfc062723c751e8b465ee728b)  -> (artifact id: 'c44ba3237988a501ed31d88e518fb002') in 0.008474 seconds
  Import took 0.011062 seconds .

========================================================================
Received Prepare
Registering precompiled user dll's ...
Registered in 0.000535 seconds.
Begin MonoManager ReloadAssembly
Native extension for WindowsStandalone target not found
Native extension for OSXStandalone target not found
Native extension for WebGL target not found
Refreshing native plugins compatible for Editor in 0.24 ms, found 0 plugins.
Preloading 0 native plugins for Editor in 0.00 ms.
Invoked RoslynAnalysisRunner static constructor.
RoslynAnalysisRunner will not be running.
RoslynAnalysisRunner has terminated.
Mono: successfully reloaded assembly
- Completed reload, in  0.644 seconds
Platform modules already initialized, skipping
Refreshing native plugins compatible for Editor in 0.20 ms, found 0 plugins.
Preloading 0 native plugins for Editor in 0.00 ms.
Unloading 1108 Unused Serialized files (Serialized files now loaded: 0)
System memory in use before: 60.2 MB.
System memory in use after: 60.3 MB.

Unloading 4 unused Assets to reduce memory usage. Loaded Objects now: 1608.
Total: 1.673100 ms (FindLiveObjects: 0.181900 ms CreateObjectMapping: 0.028900 ms MarkObjects: 1.446900 ms  DeleteObjects: 0.014100 ms)

========================================================================
Received Import Request.
  Time since last request: 61.048209 seconds.
  path: Assets/Prefabs/Lamp.prefab
  artifactKey: Guid(617fcc620f674b54cbfd3266d0c57b12) Importer(815301076,1909f56bfc062723c751e8b465ee728b)
Start importing Assets/Prefabs/Lamp.prefab using Guid(617fcc620f674b54cbfd3266d0c57b12) Importer(815301076,1909f56bfc062723c751e8b465ee728b)  -> (artifact id: '173f0d9a08d424492f2beb2ee914390d') in 0.047518 seconds
  Import took 0.050070 seconds .

========================================================================
Received Prepare
Registering precompiled user dll's ...
Registered in 0.000548 seconds.
Begin MonoManager ReloadAssembly
Native extension for WindowsStandalone target not found
Native extension for OSXStandalone target not found
Native extension for WebGL target not found
Refreshing native plugins compatible for Editor in 0.23 ms, found 0 plugins.
Preloading 0 native plugins for Editor in 0.00 ms.
Invoked RoslynAnalysisRunner static constructor.
RoslynAnalysisRunner will not be running.
RoslynAnalysisRunner has terminated.
Mono: successfully reloaded assembly
- Completed reload, in  0.595 seconds
Platform modules already initialized, skipping
Refreshing native plugins compatible for Editor in 0.22 ms, found 0 plugins.
Preloading 0 native plugins for Editor in 0.00 ms.
Unloading 1108 Unused Serialized files (Serialized files now loaded: 0)
System memory in use before: 60.2 MB.
System memory in use after: 60.3 MB.

Unloading 5 unused Assets to reduce memory usage. Loaded Objects now: 1612.
Total: 1.963300 ms (FindLiveObjects: 0.177200 ms CreateObjectMapping: 0.027400 ms MarkObjects: 1.735600 ms  DeleteObjects: 0.021500 ms)

AssetImportWorkerClient::OnTransportError - code=2 error=End of file
